<?xml version="1.0" encoding="UTF-8"?>
<testsuite name="DeckTest" tests="1" skipped="0" failures="0" errors="0" timestamp="2018-06-29T02:00:42" hostname="DESKTOP-KC400I5" time="0.004">
  <properties/>
  <testcase name="initDeck" classname="DeckTest" time="0.004"/>
  <system-out><![CDATA[]]></system-out>
  <system-err><![CDATA[]]></system-err>
</testsuite>
